生成启动时间为 2018/12/5 15:11:44。
     1>项目“D:\c++\calc\calc\calc.vcxproj”在节点 2 上(build 个目标)。
     1>PrepareForBuild:
         正在创建目录“D:\c++\calc\Debug\”。
       InitializeBuildStatus:
         正在创建“Debug\calc.unsuccessfulbuild”，因为已指定“AlwaysCreate”。
       ClCompile:
         C:\Program Files (x86)\Microsoft Visual Studio 10.0\VC\bin\CL.exe /c /ZI /nologo /W3 /WX- /Od /Oy- /D WIN32 /D _WINDOWS /D _DEBUG /D _MBCS /D _AFXDLL /Gm /EHsc /RTC1 /MDd /GS /fp:precise /Zc:wchar_t /Zc:forScope /Yc"StdAfx.h" /Fp"Debug\calc.pch" /Fo"Debug\\" /Fd"Debug\vc100.pdb" /Gd /TP /analyze- /errorReport:prompt stdafx.cpp
         stdafx.cpp
         C:\Program Files (x86)\Microsoft Visual Studio 10.0\VC\bin\CL.exe /c /ZI /nologo /W3 /WX- /Od /Oy- /D WIN32 /D _WINDOWS /D _DEBUG /D _MBCS /D _AFXDLL /Gm /EHsc /RTC1 /MDd /GS /fp:precise /Zc:wchar_t /Zc:forScope /Yu"StdAfx.h" /Fp"Debug\calc.pch" /Fo"Debug\\" /Fd"Debug\vc100.pdb" /Gd /TP /analyze- /errorReport:prompt calc.cpp calcDlg.cpp
         calcDlg.cpp
         calc.cpp
         正在生成代码...
       ResourceCompile:
         C:\Program Files (x86)\Microsoft SDKs\Windows\v7.0A\bin\rc.exe /D _DEBUG /D _AFXDLL /l"0x0804" /IDebug\ /nologo /fo"Debug\calc.res" calc.rc 
       ManifestResourceCompile:
         C:\Program Files (x86)\Microsoft SDKs\Windows\v7.0A\bin\rc.exe /nologo /fo"Debug\calc.exe.embed.manifest.res" Debug\calc_manifest.rc 
       Link:
         C:\Program Files (x86)\Microsoft Visual Studio 10.0\VC\bin\link.exe /ERRORREPORT:PROMPT /OUT:"D:\c++\calc\Debug\calc.exe" /INCREMENTAL /NOLOGO /MANIFEST /ManifestFile:"Debug\calc.exe.intermediate.manifest" /MANIFESTUAC:"level='asInvoker' uiAccess='false'" /DEBUG /PDB:"D:\c++\calc\Debug\calc.pdb" /SUBSYSTEM:WINDOWS /TLBID:1 /DYNAMICBASE /NXCOMPAT /IMPLIB:"D:\c++\calc\Debug\calc.lib" /MACHINE:X86 Debug\calc.res
         Debug\calc.exe.embed.manifest.res
         Debug\calc.obj
         Debug\calcDlg.obj
         Debug\stdafx.obj
       Manifest:
         C:\Program Files (x86)\Microsoft SDKs\Windows\v7.0A\bin\mt.exe /nologo /verbose /out:"Debug\calc.exe.embed.manifest" /manifest Debug\calc.exe.intermediate.manifest "C:\Program Files (x86)\Microsoft Visual Studio 10.0\VC\Include\Manifest\dpiaware.manifest"
         C:\Program Files (x86)\Microsoft SDKs\Windows\v7.0A\bin\rc.exe /nologo /fo"Debug\calc.exe.embed.manifest.res" Debug\calc_manifest.rc 
       LinkEmbedManifest:
         C:\Program Files (x86)\Microsoft Visual Studio 10.0\VC\bin\link.exe /ERRORREPORT:PROMPT /OUT:"D:\c++\calc\Debug\calc.exe" /INCREMENTAL /NOLOGO /MANIFEST /ManifestFile:"Debug\calc.exe.intermediate.manifest" /MANIFESTUAC:"level='asInvoker' uiAccess='false'" /DEBUG /PDB:"D:\c++\calc\Debug\calc.pdb" /SUBSYSTEM:WINDOWS /TLBID:1 /DYNAMICBASE /NXCOMPAT /IMPLIB:"D:\c++\calc\Debug\calc.lib" /MACHINE:X86 Debug\calc.res
         Debug\calc.exe.embed.manifest.res
         Debug\calc.obj
         Debug\calcDlg.obj
         Debug\stdafx.obj
         calc.vcxproj -> D:\c++\calc\Debug\calc.exe
       FinalizeBuildStatus:
         正在删除文件“Debug\calc.unsuccessfulbuild”。
         正在对“Debug\calc.lastbuildstate”执行 Touch 任务。
     1>已完成生成项目“D:\c++\calc\calc\calc.vcxproj”(build 个目标)的操作。

生成成功。

已用时间 00:00:14.93
