生成启动时间为 2018/12/5 17:49:06。
     1>项目“D:\c++\calc\calc\calc.vcxproj”在节点 2 上(build 个目标)。
     1>InitializeBuildStatus:
         正在创建“Release\calc.unsuccessfulbuild”，因为已指定“AlwaysCreate”。
       ClCompile:
         所有输出均为最新。
         C:\Program Files (x86)\Microsoft Visual Studio 10.0\VC\bin\CL.exe /c /Zi /nologo /W3 /WX- /O2 /Oi /Oy- /GL /D WIN32 /D _WINDOWS /D NDEBUG /D _MBCS /D _AFXDLL /Gm- /EHsc /MD /GS /Gy /fp:precise /Zc:wchar_t /Zc:forScope /Yu"StdAfx.h" /Fp"Release\calc.pch" /Fo"Release\\" /Fd"Release\vc100.pdb" /Gd /TP /analyze- /errorReport:prompt calcDlg.cpp
         calcDlg.cpp
       ResourceCompile:
         所有输出均为最新。
       Link:
         C:\Program Files (x86)\Microsoft Visual Studio 10.0\VC\bin\link.exe /ERRORREPORT:PROMPT /OUT:"D:\c++\calc\Release\calc.exe" /INCREMENTAL:NO /NOLOGO /MANIFEST /ManifestFile:"Release\calc.exe.intermediate.manifest" /MANIFESTUAC:"level='asInvoker' uiAccess='false'" /DEBUG /PDB:"D:\c++\calc\Release\calc.pdb" /SUBSYSTEM:WINDOWS /OPT:REF /OPT:ICF /LTCG /TLBID:1 /DYNAMICBASE /NXCOMPAT /IMPLIB:"D:\c++\calc\Release\calc.lib" /MACHINE:X86 Release\calc.res
         Release\calc.obj
         Release\calcDlg.obj
         Release\stdafx.obj
         正在生成代码
         已完成代码的生成
         calc.vcxproj -> D:\c++\calc\Release\calc.exe
       Manifest:
         C:\Program Files (x86)\Microsoft SDKs\Windows\v7.0A\bin\mt.exe /nologo /verbose /outputresource:"D:\c++\calc\Release\calc.exe;#1" /manifest Release\calc.exe.intermediate.manifest "C:\Program Files (x86)\Microsoft Visual Studio 10.0\VC\Include\Manifest\dpiaware.manifest"
       FinalizeBuildStatus:
         正在删除文件“Release\calc.unsuccessfulbuild”。
         正在对“Release\calc.lastbuildstate”执行 Touch 任务。
     1>已完成生成项目“D:\c++\calc\calc\calc.vcxproj”(build 个目标)的操作。

生成成功。

已用时间 00:00:01.98
